Arguments: 
  C:\Program Files (x86)\nodejs\node.exe C:\Users\saifu022\AppData\Roaming\npm\node_modules\yarn\bin\yarn.js add express cors body-parcer mongodb

PATH: 
  C:\Program Files\Git\mingw64\bin;C:\Program Files\Git\usr\bin;C:\Users\saifu022\bin;C:\WINDOWS\system32;C:\WINDOWS;C:\WINDOWS\System32\Wbem;C:\WINDOWS\System32\WindowsPowerShell\v1.0;C:\WINDOWS\System32\OpenSSH;C:\Program Files\Git\cmd;C:\Program Files (x86)\nodejs;C:\Users\saifu022\AppData\Local\Microsoft\WindowsApps;C:\Users\saifu022\AppData\Local\atom\bin;C:\Users\saifu022\AppData\Local\Programs\Microsoft VS Code\bin;C:\Users\saifu022\AppData\Local\Microsoft\WindowsApps;C:\Program Files\heroku\bin;C:\Users\saifu022\AppData\Roaming\npm;C:\Program Files (x86)\GitHub CLI

Yarn version: 
  1.22.10

Node version: 
  14.16.1

Platform: 
  win32 ia32

Trace: 
  Error: https://registry.yarnpkg.com/body-parcer: Not found
      at Request.params.callback [as _callback] (C:\Users\saifu022\AppData\Roaming\npm\node_modules\yarn\lib\cli.js:66988:18)
      at Request.self.callback (C:\Users\saifu022\AppData\Roaming\npm\node_modules\yarn\lib\cli.js:140662:22)
      at Request.emit (events.js:315:20)
      at Request.<anonymous> (C:\Users\saifu022\AppData\Roaming\npm\node_modules\yarn\lib\cli.js:141634:10)
      at Request.emit (events.js:315:20)
      at IncomingMessage.<anonymous> (C:\Users\saifu022\AppData\Roaming\npm\node_modules\yarn\lib\cli.js:141556:12)
      at Object.onceWrapper (events.js:421:28)
      at IncomingMessage.emit (events.js:327:22)
      at endReadableNT (internal/streams/readable.js:1327:12)
      at processTicksAndRejections (internal/process/task_queues.js:80:21)

npm manifest: 
  {
    "name": "tfm-server",
    "version": "1.0.0",
    "description": "",
    "main": "index.js",
    "scripts": {
      "test": "echo \"Error: no test specified\" && exit 1"
    },
    "author": "",
    "license": "ISC"
  }

yarn manifest: 
  No manifest

Lockfile: 
  No lockfile
